<?xml version="1.0" encoding="UTF-8"?>
<testsuite xmlns:xsi="http://www.w3.org/2001/XMLSchema-instance" xsi:noNamespaceSchemaLocation="https://maven.apache.org/surefire/maven-surefire-plugin/xsd/surefire-test-report-3.0.xsd" version="3.0" name="github.ai.qa.solutions.nodes.VerifyJsonByJsonSchemaNodeTest" time="0.045" tests="2" errors="0" skipped="0" failures="0">
  <properties>
    <property name="java.specification.version" value="24"/>
    <property name="sun.jnu.encoding" value="UTF-8"/>
    <property name="java.class.path" value="/Users/artemsimeisn/IdeaProjects/ai-test-data-generation/target/test-classes:/Users/artemsimeisn/IdeaProjects/ai-test-data-generation/target/classes:/Users/artemsimeisn/.m2/repository/org/springframework/ai/spring-ai-starter-model-openai/1.0.1/spring-ai-starter-model-openai-1.0.1.jar:/Users/artemsimeisn/.m2/repository/org/springframework/boot/spring-boot-starter/3.5.4/spring-boot-starter-3.5.4.jar:/Users/artemsimeisn/.m2/repository/org/springframework/boot/spring-boot/3.5.4/spring-boot-3.5.4.jar:/Users/artemsimeisn/.m2/repository/org/springframework/boot/spring-boot-autoconfigure/3.5.4/spring-boot-autoconfigure-3.5.4.jar:/Users/artemsimeisn/.m2/repository/org/springframework/boot/spring-boot-starter-logging/3.5.4/spring-boot-starter-logging-3.5.4.jar:/Users/artemsimeisn/.m2/repository/ch/qos/logback/logback-classic/1.5.18/logback-classic-1.5.18.jar:/Users/artemsimeisn/.m2/repository/ch/qos/logback/logback-core/1.5.18/logback-core-1.5.18.jar:/Users/artemsimeisn/.m2/repository/org/apache/logging/log4j/log4j-to-slf4j/2.24.3/log4j-to-slf4j-2.24.3.jar:/Users/artemsimeisn/.m2/repository/org/apache/logging/log4j/log4j-api/2.24.3/log4j-api-2.24.3.jar:/Users/artemsimeisn/.m2/repository/org/slf4j/jul-to-slf4j/2.0.17/jul-to-slf4j-2.0.17.jar:/Users/artemsimeisn/.m2/repository/jakarta/annotation/jakarta.annotation-api/2.1.1/jakarta.annotation-api-2.1.1.jar:/Users/artemsimeisn/.m2/repository/org/yaml/snakeyaml/2.4/snakeyaml-2.4.jar:/Users/artemsimeisn/.m2/repository/org/springframework/ai/spring-ai-autoconfigure-model-openai/1.0.1/spring-ai-autoconfigure-model-openai-1.0.1.jar:/Users/artemsimeisn/.m2/repository/org/springframework/ai/spring-ai-autoconfigure-model-tool/1.0.1/spring-ai-autoconfigure-model-tool-1.0.1.jar:/Users/artemsimeisn/.m2/repository/org/springframework/ai/spring-ai-autoconfigure-retry/1.0.1/spring-ai-autoconfigure-retry-1.0.1.jar:/Users/artemsimeisn/.m2/repository/org/springframework/ai/spring-ai-autoconfigure-model-chat-observation/1.0.1/spring-ai-autoconfigure-model-chat-observation-1.0.1.jar:/Users/artemsimeisn/.m2/repository/org/springframework/ai/spring-ai-autoconfigure-model-embedding-observation/1.0.1/spring-ai-autoconfigure-model-embedding-observation-1.0.1.jar:/Users/artemsimeisn/.m2/repository/org/springframework/ai/spring-ai-autoconfigure-model-image-observation/1.0.1/spring-ai-autoconfigure-model-image-observation-1.0.1.jar:/Users/artemsimeisn/.m2/repository/org/springframework/ai/spring-ai-openai/1.0.1/spring-ai-openai-1.0.1.jar:/Users/artemsimeisn/.m2/repository/org/springframework/ai/spring-ai-model/1.0.1/spring-ai-model-1.0.1.jar:/Users/artemsimeisn/.m2/repository/org/springframework/ai/spring-ai-commons/1.0.1/spring-ai-commons-1.0.1.jar:/Users/artemsimeisn/.m2/repository/org/springframework/ai/spring-ai-template-st/1.0.1/spring-ai-template-st-1.0.1.jar:/Users/artemsimeisn/.m2/repository/org/antlr/ST4/4.3.4/ST4-4.3.4.jar:/Users/artemsimeisn/.m2/repository/org/antlr/antlr-runtime/3.5.3/antlr-runtime-3.5.3.jar:/Users/artemsimeisn/.m2/repository/org/springframework/spring-messaging/6.2.9/spring-messaging-6.2.9.jar:/Users/artemsimeisn/.m2/repository/io/projectreactor/reactor-core/3.7.8/reactor-core-3.7.8.jar:/Users/artemsimeisn/.m2/repository/org/reactivestreams/reactive-streams/1.0.4/reactive-streams-1.0.4.jar:/Users/artemsimeisn/.m2/repository/org/antlr/antlr4-runtime/4.13.1/antlr4-runtime-4.13.1.jar:/Users/artemsimeisn/.m2/repository/com/github/victools/jsonschema-module-swagger-2/4.37.0/jsonschema-module-swagger-2-4.37.0.jar:/Users/artemsimeisn/.m2/repository/io/swagger/core/v3/swagger-annotations-jakarta/2.2.25/swagger-annotations-jakarta-2.2.25.jar:/Users/artemsimeisn/.m2/repository/org/springframework/ai/spring-ai-retry/1.0.1/spring-ai-retry-1.0.1.jar:/Users/artemsimeisn/.m2/repository/org/springframework/retry/spring-retry/2.0.12/spring-retry-2.0.12.jar:/Users/artemsimeisn/.m2/repository/com/github/victools/jsonschema-generator/4.37.0/jsonschema-generator-4.37.0.jar:/Users/artemsimeisn/.m2/repository/com/fasterxml/classmate/1.7.0/classmate-1.7.0.jar:/Users/artemsimeisn/.m2/repository/com/github/victools/jsonschema-module-jackson/4.37.0/jsonschema-module-jackson-4.37.0.jar:/Users/artemsimeisn/.m2/repository/org/springframework/spring-context-support/6.2.9/spring-context-support-6.2.9.jar:/Users/artemsimeisn/.m2/repository/org/springframework/spring-webflux/6.2.9/spring-webflux-6.2.9.jar:/Users/artemsimeisn/.m2/repository/org/springframework/ai/spring-ai-autoconfigure-model-chat-client/1.0.1/spring-ai-autoconfigure-model-chat-client-1.0.1.jar:/Users/artemsimeisn/.m2/repository/org/springframework/ai/spring-ai-client-chat/1.0.1/spring-ai-client-chat-1.0.1.jar:/Users/artemsimeisn/.m2/repository/com/fasterxml/jackson/module/jackson-module-jsonSchema/2.19.2/jackson-module-jsonSchema-2.19.2.jar:/Users/artemsimeisn/.m2/repository/javax/validation/validation-api/1.1.0.Final/validation-api-1.1.0.Final.jar:/Users/artemsimeisn/.m2/repository/com/knuddels/jtokkit/1.1.0/jtokkit-1.1.0.jar:/Users/artemsimeisn/.m2/repository/org/springframework/ai/spring-ai-autoconfigure-model-chat-memory/1.0.1/spring-ai-autoconfigure-model-chat-memory-1.0.1.jar:/Users/artemsimeisn/.m2/repository/org/springframework/boot/spring-boot-starter-web/3.5.4/spring-boot-starter-web-3.5.4.jar:/Users/artemsimeisn/.m2/repository/org/springframework/boot/spring-boot-starter-json/3.5.4/spring-boot-starter-json-3.5.4.jar:/Users/artemsimeisn/.m2/repository/com/fasterxml/jackson/datatype/jackson-datatype-jdk8/2.19.2/jackson-datatype-jdk8-2.19.2.jar:/Users/artemsimeisn/.m2/repository/com/fasterxml/jackson/datatype/jackson-datatype-jsr310/2.19.2/jackson-datatype-jsr310-2.19.2.jar:/Users/artemsimeisn/.m2/repository/com/fasterxml/jackson/module/jackson-module-parameter-names/2.19.2/jackson-module-parameter-names-2.19.2.jar:/Users/artemsimeisn/.m2/repository/org/springframework/boot/spring-boot-starter-tomcat/3.5.4/spring-boot-starter-tomcat-3.5.4.jar:/Users/artemsimeisn/.m2/repository/org/apache/tomcat/embed/tomcat-embed-core/10.1.43/tomcat-embed-core-10.1.43.jar:/Users/artemsimeisn/.m2/repository/org/apache/tomcat/embed/tomcat-embed-el/10.1.43/tomcat-embed-el-10.1.43.jar:/Users/artemsimeisn/.m2/repository/org/apache/tomcat/embed/tomcat-embed-websocket/10.1.43/tomcat-embed-websocket-10.1.43.jar:/Users/artemsimeisn/.m2/repository/org/springframework/spring-web/6.2.9/spring-web-6.2.9.jar:/Users/artemsimeisn/.m2/repository/org/springframework/spring-beans/6.2.9/spring-beans-6.2.9.jar:/Users/artemsimeisn/.m2/repository/org/springframework/spring-webmvc/6.2.9/spring-webmvc-6.2.9.jar:/Users/artemsimeisn/.m2/repository/org/springframework/spring-aop/6.2.9/spring-aop-6.2.9.jar:/Users/artemsimeisn/.m2/repository/org/springframework/spring-context/6.2.9/spring-context-6.2.9.jar:/Users/artemsimeisn/.m2/repository/org/springframework/spring-expression/6.2.9/spring-expression-6.2.9.jar:/Users/artemsimeisn/.m2/repository/org/springframework/boot/spring-boot-starter-actuator/3.5.4/spring-boot-starter-actuator-3.5.4.jar:/Users/artemsimeisn/.m2/repository/org/springframework/boot/spring-boot-actuator-autoconfigure/3.5.4/spring-boot-actuator-autoconfigure-3.5.4.jar:/Users/artemsimeisn/.m2/repository/org/springframework/boot/spring-boot-actuator/3.5.4/spring-boot-actuator-3.5.4.jar:/Users/artemsimeisn/.m2/repository/io/micrometer/micrometer-observation/1.15.2/micrometer-observation-1.15.2.jar:/Users/artemsimeisn/.m2/repository/io/micrometer/micrometer-commons/1.15.2/micrometer-commons-1.15.2.jar:/Users/artemsimeisn/.m2/repository/io/micrometer/micrometer-jakarta9/1.15.2/micrometer-jakarta9-1.15.2.jar:/Users/artemsimeisn/.m2/repository/io/micrometer/micrometer-registry-prometheus/1.15.2/micrometer-registry-prometheus-1.15.2.jar:/Users/artemsimeisn/.m2/repository/io/micrometer/micrometer-core/1.15.2/micrometer-core-1.15.2.jar:/Users/artemsimeisn/.m2/repository/org/hdrhistogram/HdrHistogram/2.2.2/HdrHistogram-2.2.2.jar:/Users/artemsimeisn/.m2/repository/org/latencyutils/LatencyUtils/2.0.3/LatencyUtils-2.0.3.jar:/Users/artemsimeisn/.m2/repository/io/prometheus/prometheus-metrics-core/1.3.10/prometheus-metrics-core-1.3.10.jar:/Users/artemsimeisn/.m2/repository/io/prometheus/prometheus-metrics-model/1.3.10/prometheus-metrics-model-1.3.10.jar:/Users/artemsimeisn/.m2/repository/io/prometheus/prometheus-metrics-config/1.3.10/prometheus-metrics-config-1.3.10.jar:/Users/artemsimeisn/.m2/repository/io/prometheus/prometheus-metrics-tracer-common/1.3.10/prometheus-metrics-tracer-common-1.3.10.jar:/Users/artemsimeisn/.m2/repository/io/prometheus/prometheus-metrics-exposition-formats/1.3.10/prometheus-metrics-exposition-formats-1.3.10.jar:/Users/artemsimeisn/.m2/repository/io/prometheus/prometheus-metrics-exposition-textformats/1.3.10/prometheus-metrics-exposition-textformats-1.3.10.jar:/Users/artemsimeisn/.m2/repository/io/micrometer/micrometer-tracing-bridge-otel/1.5.2/micrometer-tracing-bridge-otel-1.5.2.jar:/Users/artemsimeisn/.m2/repository/io/micrometer/micrometer-tracing/1.5.2/micrometer-tracing-1.5.2.jar:/Users/artemsimeisn/.m2/repository/io/micrometer/context-propagation/1.1.3/context-propagation-1.1.3.jar:/Users/artemsimeisn/.m2/repository/aopalliance/aopalliance/1.0/aopalliance-1.0.jar:/Users/artemsimeisn/.m2/repository/org/slf4j/slf4j-api/2.0.17/slf4j-api-2.0.17.jar:/Users/artemsimeisn/.m2/repository/io/opentelemetry/opentelemetry-api/1.49.0/opentelemetry-api-1.49.0.jar:/Users/artemsimeisn/.m2/repository/io/opentelemetry/opentelemetry-context/1.49.0/opentelemetry-context-1.49.0.jar:/Users/artemsimeisn/.m2/repository/io/opentelemetry/semconv/opentelemetry-semconv/1.32.0/opentelemetry-semconv-1.32.0.jar:/Users/artemsimeisn/.m2/repository/io/opentelemetry/opentelemetry-sdk-common/1.49.0/opentelemetry-sdk-common-1.49.0.jar:/Users/artemsimeisn/.m2/repository/io/opentelemetry/opentelemetry-sdk-trace/1.49.0/opentelemetry-sdk-trace-1.49.0.jar:/Users/artemsimeisn/.m2/repository/io/opentelemetry/opentelemetry-sdk/1.49.0/opentelemetry-sdk-1.49.0.jar:/Users/artemsimeisn/.m2/repository/io/opentelemetry/opentelemetry-extension-trace-propagators/1.49.0/opentelemetry-extension-trace-propagators-1.49.0.jar:/Users/artemsimeisn/.m2/repository/io/opentelemetry/opentelemetry-exporter-otlp/1.49.0/opentelemetry-exporter-otlp-1.49.0.jar:/Users/artemsimeisn/.m2/repository/io/opentelemetry/opentelemetry-sdk-metrics/1.49.0/opentelemetry-sdk-metrics-1.49.0.jar:/Users/artemsimeisn/.m2/repository/io/opentelemetry/opentelemetry-sdk-logs/1.49.0/opentelemetry-sdk-logs-1.49.0.jar:/Users/artemsimeisn/.m2/repository/io/opentelemetry/opentelemetry-exporter-otlp-common/1.49.0/opentelemetry-exporter-otlp-common-1.49.0.jar:/Users/artemsimeisn/.m2/repository/io/opentelemetry/opentelemetry-exporter-common/1.49.0/opentelemetry-exporter-common-1.49.0.jar:/Users/artemsimeisn/.m2/repository/io/opentelemetry/opentelemetry-exporter-sender-okhttp/1.49.0/opentelemetry-exporter-sender-okhttp-1.49.0.jar:/Users/artemsimeisn/.m2/repository/com/squareup/okhttp3/okhttp/4.12.0/okhttp-4.12.0.jar:/Users/artemsimeisn/.m2/repository/com/squareup/okio/okio/3.6.0/okio-3.6.0.jar:/Users/artemsimeisn/.m2/repository/com/squareup/okio/okio-jvm/3.6.0/okio-jvm-3.6.0.jar:/Users/artemsimeisn/.m2/repository/org/jetbrains/kotlin/kotlin-stdlib-common/1.9.25/kotlin-stdlib-common-1.9.25.jar:/Users/artemsimeisn/.m2/repository/org/jetbrains/kotlin/kotlin-stdlib-jdk8/1.9.25/kotlin-stdlib-jdk8-1.9.25.jar:/Users/artemsimeisn/.m2/repository/org/jetbrains/kotlin/kotlin-stdlib/1.9.25/kotlin-stdlib-1.9.25.jar:/Users/artemsimeisn/.m2/repository/org/jetbrains/annotations/13.0/annotations-13.0.jar:/Users/artemsimeisn/.m2/repository/org/jetbrains/kotlin/kotlin-stdlib-jdk7/1.9.25/kotlin-stdlib-jdk7-1.9.25.jar:/Users/artemsimeisn/.m2/repository/io/opentelemetry/opentelemetry-sdk-extension-autoconfigure-spi/1.49.0/opentelemetry-sdk-extension-autoconfigure-spi-1.49.0.jar:/Users/artemsimeisn/.m2/repository/chat/giga/spring-ai-starter-model-gigachat/1.0.3/spring-ai-starter-model-gigachat-1.0.3.jar:/Users/artemsimeisn/.m2/repository/chat/giga/spring-ai-autoconfigure-model-gigachat/1.0.3/spring-ai-autoconfigure-model-gigachat-1.0.3.jar:/Users/artemsimeisn/.m2/repository/chat/giga/spring-ai-gigachat/1.0.3/spring-ai-gigachat-1.0.3.jar:/Users/artemsimeisn/.m2/repository/io/github/hakky54/sslcontext-kickstart-for-pem/8.3.7/sslcontext-kickstart-for-pem-8.3.7.jar:/Users/artemsimeisn/.m2/repository/io/github/hakky54/sslcontext-kickstart/8.3.7/sslcontext-kickstart-8.3.7.jar:/Users/artemsimeisn/.m2/repository/org/bouncycastle/bcpkix-jdk18on/1.78.1/bcpkix-jdk18on-1.78.1.jar:/Users/artemsimeisn/.m2/repository/org/bouncycastle/bcprov-jdk18on/1.78.1/bcprov-jdk18on-1.78.1.jar:/Users/artemsimeisn/.m2/repository/org/bouncycastle/bcutil-jdk18on/1.78.1/bcutil-jdk18on-1.78.1.jar:/Users/artemsimeisn/.m2/repository/com/networknt/json-schema-validator/1.5.2/json-schema-validator-1.5.2.jar:/Users/artemsimeisn/.m2/repository/com/ethlo/time/itu/1.10.2/itu-1.10.2.jar:/Users/artemsimeisn/.m2/repository/com/fasterxml/jackson/core/jackson-databind/2.19.2/jackson-databind-2.19.2.jar:/Users/artemsimeisn/.m2/repository/com/fasterxml/jackson/core/jackson-annotations/2.19.2/jackson-annotations-2.19.2.jar:/Users/artemsimeisn/.m2/repository/com/fasterxml/jackson/core/jackson-core/2.19.2/jackson-core-2.19.2.jar:/Users/artemsimeisn/.m2/repository/com/fasterxml/jackson/dataformat/jackson-dataformat-yaml/2.19.2/jackson-dataformat-yaml-2.19.2.jar:/Users/artemsimeisn/.m2/repository/org/bsc/langgraph4j/langgraph4j-core/1.6.0/langgraph4j-core-1.6.0.jar:/Users/artemsimeisn/.m2/repository/org/bsc/async/async-generator/3.2.2/async-generator-3.2.2.jar:/Users/artemsimeisn/.m2/repository/org/bsc/langgraph4j/langgraph4j-studio-springboot/1.6.0/langgraph4j-studio-springboot-1.6.0.jar:/Users/artemsimeisn/.m2/repository/org/bsc/langgraph4j/langgraph4j-studio/1.6.0/langgraph4j-studio-1.6.0.jar:/Users/artemsimeisn/.m2/repository/org/projectlombok/lombok/1.18.38/lombok-1.18.38.jar:/Users/artemsimeisn/.m2/repository/org/springframework/boot/spring-boot-starter-test/3.5.4/spring-boot-starter-test-3.5.4.jar:/Users/artemsimeisn/.m2/repository/org/springframework/boot/spring-boot-test/3.5.4/spring-boot-test-3.5.4.jar:/Users/artemsimeisn/.m2/repository/org/springframework/boot/spring-boot-test-autoconfigure/3.5.4/spring-boot-test-autoconfigure-3.5.4.jar:/Users/artemsimeisn/.m2/repository/com/jayway/jsonpath/json-path/2.9.0/json-path-2.9.0.jar:/Users/artemsimeisn/.m2/repository/jakarta/xml/bind/jakarta.xml.bind-api/4.0.2/jakarta.xml.bind-api-4.0.2.jar:/Users/artemsimeisn/.m2/repository/jakarta/activation/jakarta.activation-api/2.1.3/jakarta.activation-api-2.1.3.jar:/Users/artemsimeisn/.m2/repository/net/minidev/json-smart/2.5.2/json-smart-2.5.2.jar:/Users/artemsimeisn/.m2/repository/net/minidev/accessors-smart/2.5.2/accessors-smart-2.5.2.jar:/Users/artemsimeisn/.m2/repository/org/ow2/asm/asm/9.7.1/asm-9.7.1.jar:/Users/artemsimeisn/.m2/repository/org/assertj/assertj-core/3.27.3/assertj-core-3.27.3.jar:/Users/artemsimeisn/.m2/repository/net/bytebuddy/byte-buddy/1.17.6/byte-buddy-1.17.6.jar:/Users/artemsimeisn/.m2/repository/org/awaitility/awaitility/4.2.2/awaitility-4.2.2.jar:/Users/artemsimeisn/.m2/repository/org/hamcrest/hamcrest/3.0/hamcrest-3.0.jar:/Users/artemsimeisn/.m2/repository/org/junit/jupiter/junit-jupiter/5.12.2/junit-jupiter-5.12.2.jar:/Users/artemsimeisn/.m2/repository/org/junit/jupiter/junit-jupiter-api/5.12.2/junit-jupiter-api-5.12.2.jar:/Users/artemsimeisn/.m2/repository/org/opentest4j/opentest4j/1.3.0/opentest4j-1.3.0.jar:/Users/artemsimeisn/.m2/repository/org/junit/platform/junit-platform-commons/1.12.2/junit-platform-commons-1.12.2.jar:/Users/artemsimeisn/.m2/repository/org/apiguardian/apiguardian-api/1.1.2/apiguardian-api-1.1.2.jar:/Users/artemsimeisn/.m2/repository/org/junit/jupiter/junit-jupiter-params/5.12.2/junit-jupiter-params-5.12.2.jar:/Users/artemsimeisn/.m2/repository/org/junit/jupiter/junit-jupiter-engine/5.12.2/junit-jupiter-engine-5.12.2.jar:/Users/artemsimeisn/.m2/repository/org/junit/platform/junit-platform-engine/1.12.2/junit-platform-engine-1.12.2.jar:/Users/artemsimeisn/.m2/repository/org/mockito/mockito-core/5.17.0/mockito-core-5.17.0.jar:/Users/artemsimeisn/.m2/repository/net/bytebuddy/byte-buddy-agent/1.17.6/byte-buddy-agent-1.17.6.jar:/Users/artemsimeisn/.m2/repository/org/objenesis/objenesis/3.3/objenesis-3.3.jar:/Users/artemsimeisn/.m2/repository/org/mockito/mockito-junit-jupiter/5.17.0/mockito-junit-jupiter-5.17.0.jar:/Users/artemsimeisn/.m2/repository/org/skyscreamer/jsonassert/1.5.3/jsonassert-1.5.3.jar:/Users/artemsimeisn/.m2/repository/com/vaadin/external/google/android-json/0.0.20131108.vaadin1/android-json-0.0.20131108.vaadin1.jar:/Users/artemsimeisn/.m2/repository/org/springframework/spring-core/6.2.9/spring-core-6.2.9.jar:/Users/artemsimeisn/.m2/repository/org/springframework/spring-jcl/6.2.9/spring-jcl-6.2.9.jar:/Users/artemsimeisn/.m2/repository/org/springframework/spring-test/6.2.9/spring-test-6.2.9.jar:/Users/artemsimeisn/.m2/repository/org/xmlunit/xmlunit-core/2.10.3/xmlunit-core-2.10.3.jar:/Users/artemsimeisn/.m2/repository/io/qameta/allure/allure-java-commons/2.29.0/allure-java-commons-2.29.0.jar:/Users/artemsimeisn/.m2/repository/io/qameta/allure/allure-model/2.29.0/allure-model-2.29.0.jar:"/>
    <property name="java.vm.vendor" value="Homebrew"/>
    <property name="sun.arch.data.model" value="64"/>
    <property name="java.vendor.url" value="https://github.com/Homebrew/homebrew-core/issues"/>
    <property name="user.timezone" value="Europe/Moscow"/>
    <property name="os.name" value="Mac OS X"/>
    <property name="java.vm.specification.version" value="24"/>
    <property name="sun.java.launcher" value="SUN_STANDARD"/>
    <property name="user.country" value="RU"/>
    <property name="sun.boot.library.path" value="/opt/homebrew/Cellar/openjdk/24.0.2/libexec/openjdk.jdk/Contents/Home/lib"/>
    <property name="sun.java.command" value="/Users/artemsimeisn/IdeaProjects/ai-test-data-generation/target/surefire/surefirebooter-20250815020349674_3.jar /Users/artemsimeisn/IdeaProjects/ai-test-data-generation/target/surefire 2025-08-15T02-03-49_638-jvmRun1 surefire-20250815020349674_1tmp surefire_0-20250815020349674_2tmp"/>
    <property name="jdk.debug" value="release"/>
    <property name="surefire.test.class.path" value="/Users/artemsimeisn/IdeaProjects/ai-test-data-generation/target/test-classes:/Users/artemsimeisn/IdeaProjects/ai-test-data-generation/target/classes:/Users/artemsimeisn/.m2/repository/org/springframework/ai/spring-ai-starter-model-openai/1.0.1/spring-ai-starter-model-openai-1.0.1.jar:/Users/artemsimeisn/.m2/repository/org/springframework/boot/spring-boot-starter/3.5.4/spring-boot-starter-3.5.4.jar:/Users/artemsimeisn/.m2/repository/org/springframework/boot/spring-boot/3.5.4/spring-boot-3.5.4.jar:/Users/artemsimeisn/.m2/repository/org/springframework/boot/spring-boot-autoconfigure/3.5.4/spring-boot-autoconfigure-3.5.4.jar:/Users/artemsimeisn/.m2/repository/org/springframework/boot/spring-boot-starter-logging/3.5.4/spring-boot-starter-logging-3.5.4.jar:/Users/artemsimeisn/.m2/repository/ch/qos/logback/logback-classic/1.5.18/logback-classic-1.5.18.jar:/Users/artemsimeisn/.m2/repository/ch/qos/logback/logback-core/1.5.18/logback-core-1.5.18.jar:/Users/artemsimeisn/.m2/repository/org/apache/logging/log4j/log4j-to-slf4j/2.24.3/log4j-to-slf4j-2.24.3.jar:/Users/artemsimeisn/.m2/repository/org/apache/logging/log4j/log4j-api/2.24.3/log4j-api-2.24.3.jar:/Users/artemsimeisn/.m2/repository/org/slf4j/jul-to-slf4j/2.0.17/jul-to-slf4j-2.0.17.jar:/Users/artemsimeisn/.m2/repository/jakarta/annotation/jakarta.annotation-api/2.1.1/jakarta.annotation-api-2.1.1.jar:/Users/artemsimeisn/.m2/repository/org/yaml/snakeyaml/2.4/snakeyaml-2.4.jar:/Users/artemsimeisn/.m2/repository/org/springframework/ai/spring-ai-autoconfigure-model-openai/1.0.1/spring-ai-autoconfigure-model-openai-1.0.1.jar:/Users/artemsimeisn/.m2/repository/org/springframework/ai/spring-ai-autoconfigure-model-tool/1.0.1/spring-ai-autoconfigure-model-tool-1.0.1.jar:/Users/artemsimeisn/.m2/repository/org/springframework/ai/spring-ai-autoconfigure-retry/1.0.1/spring-ai-autoconfigure-retry-1.0.1.jar:/Users/artemsimeisn/.m2/repository/org/springframework/ai/spring-ai-autoconfigure-model-chat-observation/1.0.1/spring-ai-autoconfigure-model-chat-observation-1.0.1.jar:/Users/artemsimeisn/.m2/repository/org/springframework/ai/spring-ai-autoconfigure-model-embedding-observation/1.0.1/spring-ai-autoconfigure-model-embedding-observation-1.0.1.jar:/Users/artemsimeisn/.m2/repository/org/springframework/ai/spring-ai-autoconfigure-model-image-observation/1.0.1/spring-ai-autoconfigure-model-image-observation-1.0.1.jar:/Users/artemsimeisn/.m2/repository/org/springframework/ai/spring-ai-openai/1.0.1/spring-ai-openai-1.0.1.jar:/Users/artemsimeisn/.m2/repository/org/springframework/ai/spring-ai-model/1.0.1/spring-ai-model-1.0.1.jar:/Users/artemsimeisn/.m2/repository/org/springframework/ai/spring-ai-commons/1.0.1/spring-ai-commons-1.0.1.jar:/Users/artemsimeisn/.m2/repository/org/springframework/ai/spring-ai-template-st/1.0.1/spring-ai-template-st-1.0.1.jar:/Users/artemsimeisn/.m2/repository/org/antlr/ST4/4.3.4/ST4-4.3.4.jar:/Users/artemsimeisn/.m2/repository/org/antlr/antlr-runtime/3.5.3/antlr-runtime-3.5.3.jar:/Users/artemsimeisn/.m2/repository/org/springframework/spring-messaging/6.2.9/spring-messaging-6.2.9.jar:/Users/artemsimeisn/.m2/repository/io/projectreactor/reactor-core/3.7.8/reactor-core-3.7.8.jar:/Users/artemsimeisn/.m2/repository/org/reactivestreams/reactive-streams/1.0.4/reactive-streams-1.0.4.jar:/Users/artemsimeisn/.m2/repository/org/antlr/antlr4-runtime/4.13.1/antlr4-runtime-4.13.1.jar:/Users/artemsimeisn/.m2/repository/com/github/victools/jsonschema-module-swagger-2/4.37.0/jsonschema-module-swagger-2-4.37.0.jar:/Users/artemsimeisn/.m2/repository/io/swagger/core/v3/swagger-annotations-jakarta/2.2.25/swagger-annotations-jakarta-2.2.25.jar:/Users/artemsimeisn/.m2/repository/org/springframework/ai/spring-ai-retry/1.0.1/spring-ai-retry-1.0.1.jar:/Users/artemsimeisn/.m2/repository/org/springframework/retry/spring-retry/2.0.12/spring-retry-2.0.12.jar:/Users/artemsimeisn/.m2/repository/com/github/victools/jsonschema-generator/4.37.0/jsonschema-generator-4.37.0.jar:/Users/artemsimeisn/.m2/repository/com/fasterxml/classmate/1.7.0/classmate-1.7.0.jar:/Users/artemsimeisn/.m2/repository/com/github/victools/jsonschema-module-jackson/4.37.0/jsonschema-module-jackson-4.37.0.jar:/Users/artemsimeisn/.m2/repository/org/springframework/spring-context-support/6.2.9/spring-context-support-6.2.9.jar:/Users/artemsimeisn/.m2/repository/org/springframework/spring-webflux/6.2.9/spring-webflux-6.2.9.jar:/Users/artemsimeisn/.m2/repository/org/springframework/ai/spring-ai-autoconfigure-model-chat-client/1.0.1/spring-ai-autoconfigure-model-chat-client-1.0.1.jar:/Users/artemsimeisn/.m2/repository/org/springframework/ai/spring-ai-client-chat/1.0.1/spring-ai-client-chat-1.0.1.jar:/Users/artemsimeisn/.m2/repository/com/fasterxml/jackson/module/jackson-module-jsonSchema/2.19.2/jackson-module-jsonSchema-2.19.2.jar:/Users/artemsimeisn/.m2/repository/javax/validation/validation-api/1.1.0.Final/validation-api-1.1.0.Final.jar:/Users/artemsimeisn/.m2/repository/com/knuddels/jtokkit/1.1.0/jtokkit-1.1.0.jar:/Users/artemsimeisn/.m2/repository/org/springframework/ai/spring-ai-autoconfigure-model-chat-memory/1.0.1/spring-ai-autoconfigure-model-chat-memory-1.0.1.jar:/Users/artemsimeisn/.m2/repository/org/springframework/boot/spring-boot-starter-web/3.5.4/spring-boot-starter-web-3.5.4.jar:/Users/artemsimeisn/.m2/repository/org/springframework/boot/spring-boot-starter-json/3.5.4/spring-boot-starter-json-3.5.4.jar:/Users/artemsimeisn/.m2/repository/com/fasterxml/jackson/datatype/jackson-datatype-jdk8/2.19.2/jackson-datatype-jdk8-2.19.2.jar:/Users/artemsimeisn/.m2/repository/com/fasterxml/jackson/datatype/jackson-datatype-jsr310/2.19.2/jackson-datatype-jsr310-2.19.2.jar:/Users/artemsimeisn/.m2/repository/com/fasterxml/jackson/module/jackson-module-parameter-names/2.19.2/jackson-module-parameter-names-2.19.2.jar:/Users/artemsimeisn/.m2/repository/org/springframework/boot/spring-boot-starter-tomcat/3.5.4/spring-boot-starter-tomcat-3.5.4.jar:/Users/artemsimeisn/.m2/repository/org/apache/tomcat/embed/tomcat-embed-core/10.1.43/tomcat-embed-core-10.1.43.jar:/Users/artemsimeisn/.m2/repository/org/apache/tomcat/embed/tomcat-embed-el/10.1.43/tomcat-embed-el-10.1.43.jar:/Users/artemsimeisn/.m2/repository/org/apache/tomcat/embed/tomcat-embed-websocket/10.1.43/tomcat-embed-websocket-10.1.43.jar:/Users/artemsimeisn/.m2/repository/org/springframework/spring-web/6.2.9/spring-web-6.2.9.jar:/Users/artemsimeisn/.m2/repository/org/springframework/spring-beans/6.2.9/spring-beans-6.2.9.jar:/Users/artemsimeisn/.m2/repository/org/springframework/spring-webmvc/6.2.9/spring-webmvc-6.2.9.jar:/Users/artemsimeisn/.m2/repository/org/springframework/spring-aop/6.2.9/spring-aop-6.2.9.jar:/Users/artemsimeisn/.m2/repository/org/springframework/spring-context/6.2.9/spring-context-6.2.9.jar:/Users/artemsimeisn/.m2/repository/org/springframework/spring-expression/6.2.9/spring-expression-6.2.9.jar:/Users/artemsimeisn/.m2/repository/org/springframework/boot/spring-boot-starter-actuator/3.5.4/spring-boot-starter-actuator-3.5.4.jar:/Users/artemsimeisn/.m2/repository/org/springframework/boot/spring-boot-actuator-autoconfigure/3.5.4/spring-boot-actuator-autoconfigure-3.5.4.jar:/Users/artemsimeisn/.m2/repository/org/springframework/boot/spring-boot-actuator/3.5.4/spring-boot-actuator-3.5.4.jar:/Users/artemsimeisn/.m2/repository/io/micrometer/micrometer-observation/1.15.2/micrometer-observation-1.15.2.jar:/Users/artemsimeisn/.m2/repository/io/micrometer/micrometer-commons/1.15.2/micrometer-commons-1.15.2.jar:/Users/artemsimeisn/.m2/repository/io/micrometer/micrometer-jakarta9/1.15.2/micrometer-jakarta9-1.15.2.jar:/Users/artemsimeisn/.m2/repository/io/micrometer/micrometer-registry-prometheus/1.15.2/micrometer-registry-prometheus-1.15.2.jar:/Users/artemsimeisn/.m2/repository/io/micrometer/micrometer-core/1.15.2/micrometer-core-1.15.2.jar:/Users/artemsimeisn/.m2/repository/org/hdrhistogram/HdrHistogram/2.2.2/HdrHistogram-2.2.2.jar:/Users/artemsimeisn/.m2/repository/org/latencyutils/LatencyUtils/2.0.3/LatencyUtils-2.0.3.jar:/Users/artemsimeisn/.m2/repository/io/prometheus/prometheus-metrics-core/1.3.10/prometheus-metrics-core-1.3.10.jar:/Users/artemsimeisn/.m2/repository/io/prometheus/prometheus-metrics-model/1.3.10/prometheus-metrics-model-1.3.10.jar:/Users/artemsimeisn/.m2/repository/io/prometheus/prometheus-metrics-config/1.3.10/prometheus-metrics-config-1.3.10.jar:/Users/artemsimeisn/.m2/repository/io/prometheus/prometheus-metrics-tracer-common/1.3.10/prometheus-metrics-tracer-common-1.3.10.jar:/Users/artemsimeisn/.m2/repository/io/prometheus/prometheus-metrics-exposition-formats/1.3.10/prometheus-metrics-exposition-formats-1.3.10.jar:/Users/artemsimeisn/.m2/repository/io/prometheus/prometheus-metrics-exposition-textformats/1.3.10/prometheus-metrics-exposition-textformats-1.3.10.jar:/Users/artemsimeisn/.m2/repository/io/micrometer/micrometer-tracing-bridge-otel/1.5.2/micrometer-tracing-bridge-otel-1.5.2.jar:/Users/artemsimeisn/.m2/repository/io/micrometer/micrometer-tracing/1.5.2/micrometer-tracing-1.5.2.jar:/Users/artemsimeisn/.m2/repository/io/micrometer/context-propagation/1.1.3/context-propagation-1.1.3.jar:/Users/artemsimeisn/.m2/repository/aopalliance/aopalliance/1.0/aopalliance-1.0.jar:/Users/artemsimeisn/.m2/repository/org/slf4j/slf4j-api/2.0.17/slf4j-api-2.0.17.jar:/Users/artemsimeisn/.m2/repository/io/opentelemetry/opentelemetry-api/1.49.0/opentelemetry-api-1.49.0.jar:/Users/artemsimeisn/.m2/repository/io/opentelemetry/opentelemetry-context/1.49.0/opentelemetry-context-1.49.0.jar:/Users/artemsimeisn/.m2/repository/io/opentelemetry/semconv/opentelemetry-semconv/1.32.0/opentelemetry-semconv-1.32.0.jar:/Users/artemsimeisn/.m2/repository/io/opentelemetry/opentelemetry-sdk-common/1.49.0/opentelemetry-sdk-common-1.49.0.jar:/Users/artemsimeisn/.m2/repository/io/opentelemetry/opentelemetry-sdk-trace/1.49.0/opentelemetry-sdk-trace-1.49.0.jar:/Users/artemsimeisn/.m2/repository/io/opentelemetry/opentelemetry-sdk/1.49.0/opentelemetry-sdk-1.49.0.jar:/Users/artemsimeisn/.m2/repository/io/opentelemetry/opentelemetry-extension-trace-propagators/1.49.0/opentelemetry-extension-trace-propagators-1.49.0.jar:/Users/artemsimeisn/.m2/repository/io/opentelemetry/opentelemetry-exporter-otlp/1.49.0/opentelemetry-exporter-otlp-1.49.0.jar:/Users/artemsimeisn/.m2/repository/io/opentelemetry/opentelemetry-sdk-metrics/1.49.0/opentelemetry-sdk-metrics-1.49.0.jar:/Users/artemsimeisn/.m2/repository/io/opentelemetry/opentelemetry-sdk-logs/1.49.0/opentelemetry-sdk-logs-1.49.0.jar:/Users/artemsimeisn/.m2/repository/io/opentelemetry/opentelemetry-exporter-otlp-common/1.49.0/opentelemetry-exporter-otlp-common-1.49.0.jar:/Users/artemsimeisn/.m2/repository/io/opentelemetry/opentelemetry-exporter-common/1.49.0/opentelemetry-exporter-common-1.49.0.jar:/Users/artemsimeisn/.m2/repository/io/opentelemetry/opentelemetry-exporter-sender-okhttp/1.49.0/opentelemetry-exporter-sender-okhttp-1.49.0.jar:/Users/artemsimeisn/.m2/repository/com/squareup/okhttp3/okhttp/4.12.0/okhttp-4.12.0.jar:/Users/artemsimeisn/.m2/repository/com/squareup/okio/okio/3.6.0/okio-3.6.0.jar:/Users/artemsimeisn/.m2/repository/com/squareup/okio/okio-jvm/3.6.0/okio-jvm-3.6.0.jar:/Users/artemsimeisn/.m2/repository/org/jetbrains/kotlin/kotlin-stdlib-common/1.9.25/kotlin-stdlib-common-1.9.25.jar:/Users/artemsimeisn/.m2/repository/org/jetbrains/kotlin/kotlin-stdlib-jdk8/1.9.25/kotlin-stdlib-jdk8-1.9.25.jar:/Users/artemsimeisn/.m2/repository/org/jetbrains/kotlin/kotlin-stdlib/1.9.25/kotlin-stdlib-1.9.25.jar:/Users/artemsimeisn/.m2/repository/org/jetbrains/annotations/13.0/annotations-13.0.jar:/Users/artemsimeisn/.m2/repository/org/jetbrains/kotlin/kotlin-stdlib-jdk7/1.9.25/kotlin-stdlib-jdk7-1.9.25.jar:/Users/artemsimeisn/.m2/repository/io/opentelemetry/opentelemetry-sdk-extension-autoconfigure-spi/1.49.0/opentelemetry-sdk-extension-autoconfigure-spi-1.49.0.jar:/Users/artemsimeisn/.m2/repository/chat/giga/spring-ai-starter-model-gigachat/1.0.3/spring-ai-starter-model-gigachat-1.0.3.jar:/Users/artemsimeisn/.m2/repository/chat/giga/spring-ai-autoconfigure-model-gigachat/1.0.3/spring-ai-autoconfigure-model-gigachat-1.0.3.jar:/Users/artemsimeisn/.m2/repository/chat/giga/spring-ai-gigachat/1.0.3/spring-ai-gigachat-1.0.3.jar:/Users/artemsimeisn/.m2/repository/io/github/hakky54/sslcontext-kickstart-for-pem/8.3.7/sslcontext-kickstart-for-pem-8.3.7.jar:/Users/artemsimeisn/.m2/repository/io/github/hakky54/sslcontext-kickstart/8.3.7/sslcontext-kickstart-8.3.7.jar:/Users/artemsimeisn/.m2/repository/org/bouncycastle/bcpkix-jdk18on/1.78.1/bcpkix-jdk18on-1.78.1.jar:/Users/artemsimeisn/.m2/repository/org/bouncycastle/bcprov-jdk18on/1.78.1/bcprov-jdk18on-1.78.1.jar:/Users/artemsimeisn/.m2/repository/org/bouncycastle/bcutil-jdk18on/1.78.1/bcutil-jdk18on-1.78.1.jar:/Users/artemsimeisn/.m2/repository/com/networknt/json-schema-validator/1.5.2/json-schema-validator-1.5.2.jar:/Users/artemsimeisn/.m2/repository/com/ethlo/time/itu/1.10.2/itu-1.10.2.jar:/Users/artemsimeisn/.m2/repository/com/fasterxml/jackson/core/jackson-databind/2.19.2/jackson-databind-2.19.2.jar:/Users/artemsimeisn/.m2/repository/com/fasterxml/jackson/core/jackson-annotations/2.19.2/jackson-annotations-2.19.2.jar:/Users/artemsimeisn/.m2/repository/com/fasterxml/jackson/core/jackson-core/2.19.2/jackson-core-2.19.2.jar:/Users/artemsimeisn/.m2/repository/com/fasterxml/jackson/dataformat/jackson-dataformat-yaml/2.19.2/jackson-dataformat-yaml-2.19.2.jar:/Users/artemsimeisn/.m2/repository/org/bsc/langgraph4j/langgraph4j-core/1.6.0/langgraph4j-core-1.6.0.jar:/Users/artemsimeisn/.m2/repository/org/bsc/async/async-generator/3.2.2/async-generator-3.2.2.jar:/Users/artemsimeisn/.m2/repository/org/bsc/langgraph4j/langgraph4j-studio-springboot/1.6.0/langgraph4j-studio-springboot-1.6.0.jar:/Users/artemsimeisn/.m2/repository/org/bsc/langgraph4j/langgraph4j-studio/1.6.0/langgraph4j-studio-1.6.0.jar:/Users/artemsimeisn/.m2/repository/org/projectlombok/lombok/1.18.38/lombok-1.18.38.jar:/Users/artemsimeisn/.m2/repository/org/springframework/boot/spring-boot-starter-test/3.5.4/spring-boot-starter-test-3.5.4.jar:/Users/artemsimeisn/.m2/repository/org/springframework/boot/spring-boot-test/3.5.4/spring-boot-test-3.5.4.jar:/Users/artemsimeisn/.m2/repository/org/springframework/boot/spring-boot-test-autoconfigure/3.5.4/spring-boot-test-autoconfigure-3.5.4.jar:/Users/artemsimeisn/.m2/repository/com/jayway/jsonpath/json-path/2.9.0/json-path-2.9.0.jar:/Users/artemsimeisn/.m2/repository/jakarta/xml/bind/jakarta.xml.bind-api/4.0.2/jakarta.xml.bind-api-4.0.2.jar:/Users/artemsimeisn/.m2/repository/jakarta/activation/jakarta.activation-api/2.1.3/jakarta.activation-api-2.1.3.jar:/Users/artemsimeisn/.m2/repository/net/minidev/json-smart/2.5.2/json-smart-2.5.2.jar:/Users/artemsimeisn/.m2/repository/net/minidev/accessors-smart/2.5.2/accessors-smart-2.5.2.jar:/Users/artemsimeisn/.m2/repository/org/ow2/asm/asm/9.7.1/asm-9.7.1.jar:/Users/artemsimeisn/.m2/repository/org/assertj/assertj-core/3.27.3/assertj-core-3.27.3.jar:/Users/artemsimeisn/.m2/repository/net/bytebuddy/byte-buddy/1.17.6/byte-buddy-1.17.6.jar:/Users/artemsimeisn/.m2/repository/org/awaitility/awaitility/4.2.2/awaitility-4.2.2.jar:/Users/artemsimeisn/.m2/repository/org/hamcrest/hamcrest/3.0/hamcrest-3.0.jar:/Users/artemsimeisn/.m2/repository/org/junit/jupiter/junit-jupiter/5.12.2/junit-jupiter-5.12.2.jar:/Users/artemsimeisn/.m2/repository/org/junit/jupiter/junit-jupiter-api/5.12.2/junit-jupiter-api-5.12.2.jar:/Users/artemsimeisn/.m2/repository/org/opentest4j/opentest4j/1.3.0/opentest4j-1.3.0.jar:/Users/artemsimeisn/.m2/repository/org/junit/platform/junit-platform-commons/1.12.2/junit-platform-commons-1.12.2.jar:/Users/artemsimeisn/.m2/repository/org/apiguardian/apiguardian-api/1.1.2/apiguardian-api-1.1.2.jar:/Users/artemsimeisn/.m2/repository/org/junit/jupiter/junit-jupiter-params/5.12.2/junit-jupiter-params-5.12.2.jar:/Users/artemsimeisn/.m2/repository/org/junit/jupiter/junit-jupiter-engine/5.12.2/junit-jupiter-engine-5.12.2.jar:/Users/artemsimeisn/.m2/repository/org/junit/platform/junit-platform-engine/1.12.2/junit-platform-engine-1.12.2.jar:/Users/artemsimeisn/.m2/repository/org/mockito/mockito-core/5.17.0/mockito-core-5.17.0.jar:/Users/artemsimeisn/.m2/repository/net/bytebuddy/byte-buddy-agent/1.17.6/byte-buddy-agent-1.17.6.jar:/Users/artemsimeisn/.m2/repository/org/objenesis/objenesis/3.3/objenesis-3.3.jar:/Users/artemsimeisn/.m2/repository/org/mockito/mockito-junit-jupiter/5.17.0/mockito-junit-jupiter-5.17.0.jar:/Users/artemsimeisn/.m2/repository/org/skyscreamer/jsonassert/1.5.3/jsonassert-1.5.3.jar:/Users/artemsimeisn/.m2/repository/com/vaadin/external/google/android-json/0.0.20131108.vaadin1/android-json-0.0.20131108.vaadin1.jar:/Users/artemsimeisn/.m2/repository/org/springframework/spring-core/6.2.9/spring-core-6.2.9.jar:/Users/artemsimeisn/.m2/repository/org/springframework/spring-jcl/6.2.9/spring-jcl-6.2.9.jar:/Users/artemsimeisn/.m2/repository/org/springframework/spring-test/6.2.9/spring-test-6.2.9.jar:/Users/artemsimeisn/.m2/repository/org/xmlunit/xmlunit-core/2.10.3/xmlunit-core-2.10.3.jar:/Users/artemsimeisn/.m2/repository/io/qameta/allure/allure-java-commons/2.29.0/allure-java-commons-2.29.0.jar:/Users/artemsimeisn/.m2/repository/io/qameta/allure/allure-model/2.29.0/allure-model-2.29.0.jar:"/>
    <property name="sun.cpu.endian" value="little"/>
    <property name="user.home" value="/Users/artemsimeisn"/>
    <property name="user.language" value="ru"/>
    <property name="java.specification.vendor" value="Oracle Corporation"/>
    <property name="java.version.date" value="2025-07-15"/>
    <property name="java.home" value="/opt/homebrew/Cellar/openjdk/24.0.2/libexec/openjdk.jdk/Contents/Home"/>
    <property name="file.separator" value="/"/>
    <property name="basedir" value="/Users/artemsimeisn/IdeaProjects/ai-test-data-generation"/>
    <property name="java.vm.compressedOopsMode" value="Zero based"/>
    <property name="line.separator" value="&#10;"/>
    <property name="java.vm.specification.vendor" value="Oracle Corporation"/>
    <property name="java.specification.name" value="Java Platform API Specification"/>
    <property name="apple.awt.application.name" value="ForkedBooter"/>
    <property name="surefire.real.class.path" value="/Users/artemsimeisn/IdeaProjects/ai-test-data-generation/target/surefire/surefirebooter-20250815020349674_3.jar"/>
    <property name="ALLURE_HOST_NAME" value="localhost"/>
    <property name="sun.management.compiler" value="HotSpot 64-Bit Tiered Compilers"/>
    <property name="java.runtime.version" value="24.0.2"/>
    <property name="user.name" value="?"/>
    <property name="stdout.encoding" value="UTF-8"/>
    <property name="path.separator" value=":"/>
    <property name="os.version" value="15.6"/>
    <property name="java.runtime.name" value="OpenJDK Runtime Environment"/>
    <property name="file.encoding" value="UTF-8"/>
    <property name="java.vm.name" value="OpenJDK 64-Bit Server VM"/>
    <property name="java.vendor.version" value="Homebrew"/>
    <property name="localRepository" value="/Users/artemsimeisn/.m2/repository"/>
    <property name="java.vendor.url.bug" value="https://github.com/Homebrew/homebrew-core/issues"/>
    <property name="allure.hostName" value="localhost"/>
    <property name="java.io.tmpdir" value="/var/folders/v3/1y6k2_4j4lb423sj7m8ml76c0000gn/T/"/>
    <property name="java.version" value="24.0.2"/>
    <property name="user.dir" value="/Users/artemsimeisn/IdeaProjects/ai-test-data-generation"/>
    <property name="os.arch" value="aarch64"/>
    <property name="java.vm.specification.name" value="Java Virtual Machine Specification"/>
    <property name="native.encoding" value="UTF-8"/>
    <property name="java.library.path" value="/Users/artemsimeisn/Library/Java/Extensions:/Library/Java/Extensions:/Network/Library/Java/Extensions:/System/Library/Java/Extensions:/usr/lib/java:."/>
    <property name="java.vm.info" value="mixed mode, sharing"/>
    <property name="stderr.encoding" value="UTF-8"/>
    <property name="java.vendor" value="Homebrew"/>
    <property name="java.vm.version" value="24.0.2"/>
    <property name="sun.io.unicode.encoding" value="UnicodeBig"/>
    <property name="java.class.version" value="68.0"/>
  </properties>
  <testcase name="validJsonYieldsOk" classname="github.ai.qa.solutions.nodes.VerifyJsonByJsonSchemaNodeTest" time="0.026">
    <system-out><![CDATA[02:03:50.014 [main] INFO github.ai.qa.solutions.nodes.VerifyJsonByJsonSchemaNode -- ▶️ Stage: VerifyJsonByJsonSchemaNode — starting
02:03:50.016 [main] INFO github.ai.qa.solutions.tools.ValidateJsonBySchemaTool -- 🛠️ coded as tool 💻: ValidateJsonBySchemaTool
]]></system-out>
  </testcase>
  <testcase name="invalidJsonYieldsErrors" classname="github.ai.qa.solutions.nodes.VerifyJsonByJsonSchemaNodeTest" time="0.006">
    <system-out><![CDATA[02:03:50.040 [main] INFO github.ai.qa.solutions.nodes.VerifyJsonByJsonSchemaNode -- ▶️ Stage: VerifyJsonByJsonSchemaNode — starting
02:03:50.040 [main] INFO github.ai.qa.solutions.tools.ValidateJsonBySchemaTool -- 🛠️ coded as tool 💻: ValidateJsonBySchemaTool
]]></system-out>
  </testcase>
</testsuite>